<?xml version="1.0" encoding="UTF-8"?>
<!-- Generated by org.testng.reporters.JUnitXMLReporter -->
<testsuite ignored="0" hostname="NiruSuresh" failures="0" tests="7" name="Default test" time="124.188" errors="0" timestamp="2024-12-24T08:42:22 EST">
  <testcase classname="com.client.testcases.Loginpagetest" name="Tc001_Login_valid" time="13.046"/>
  <testcase classname="com.client.testcases.Loginpagetest" name="Tc002_Login_Invalid" time="12.671"/>
  <testcase classname="com.client.testcases.Loginpagetest" name="Tc003_Login_Invalid" time="12.974"/>
  <testcase classname="com.client.testcases.Loginpagetest" name="Tc004_Login_Invalid" time="13.299"/>
  <testcase classname="com.client.testcases.Loginpagetest" name="Tc005_Login_withoutcred" time="3.575"/>
  <testcase classname="com.client.testcases.Loginpagetest" name="Tc006_Login_withvalidenter" time="14.709"/>
  <testcase classname="com.client.testcases.Loginpagetest" name="Tc007_Login_withInvalidenter" time="12.615"/>
</testsuite> <!-- Default test -->
