<?xml version="1.0" encoding="UTF-8"?>
<!-- Generated by org.testng.reporters.JUnitReportReporter -->
<testsuite hostname="NiruSuresh" failures="0" tests="7" name="com.client.testcases.Loginpagetest" time="124.115" errors="0" timestamp="2024-12-24T08:42:22 EST" skipped="0">
  <testcase classname="com.client.testcases.Loginpagetest" name="Tc001_Login_valid" time="18.702"/>
  <testcase classname="com.client.testcases.Loginpagetest" name="Tc002_Login_Invalid" time="19.095"/>
  <testcase classname="com.client.testcases.Loginpagetest" name="Tc003_Login_Invalid" time="18.824"/>
  <testcase classname="com.client.testcases.Loginpagetest" name="Tc004_Login_Invalid" time="19.132"/>
  <testcase classname="com.client.testcases.Loginpagetest" name="Tc005_Login_withoutcred" time="9.319"/>
  <testcase classname="com.client.testcases.Loginpagetest" name="Tc006_Login_withvalidenter" time="20.502"/>
  <testcase classname="com.client.testcases.Loginpagetest" name="Tc007_Login_withInvalidenter" time="18.541"/>
</testsuite> <!-- com.client.testcases.Loginpagetest -->
